<?xml version="1.0" encoding="UTF-8"?>
<testng-results ignored="0" total="2" passed="2" failed="0" skipped="0">
  <reporter-output>
  </reporter-output>
  <suite started-at="2020-03-30T16:17:49 IST" name="Default suite" finished-at="2020-03-30T16:18:58 IST" duration-ms="68304">
    <groups>
    </groups>
    <test started-at="2020-03-30T16:17:49 IST" name="Default test" finished-at="2020-03-30T16:18:58 IST" duration-ms="68304">
      <class name="nPRICED_IN_main.PO_Authorization_IN">
        <test-method is-config="true" signature="setup()[pri:0, instance:nPRICED_IN_main.PO_Authorization_IN@5276e6b0]" started-at="2020-03-30T16:17:49 IST" name="setup" finished-at="2020-03-30T16:18:00 IST" duration-ms="10287" status="PASS">
          <reporter-output>
          </reporter-output>
        </test-method> <!-- setup -->
        <test-method signature="PO_Login()[pri:0, instance:nPRICED_IN_main.PO_Authorization_IN@5276e6b0]" started-at="2020-03-30T16:18:00 IST" name="PO_Login" finished-at="2020-03-30T16:18:08 IST" duration-ms="8485" status="PASS">
          <reporter-output>
          </reporter-output>
        </test-method> <!-- PO_Login -->
        <test-method signature="authorize_PO()[pri:1, instance:nPRICED_IN_main.PO_Authorization_IN@5276e6b0]" started-at="2020-03-30T16:18:08 IST" name="authorize_PO" finished-at="2020-03-30T16:18:58 IST" duration-ms="49501" status="PASS">
          <reporter-output>
          </reporter-output>
        </test-method> <!-- authorize_PO -->
      </class> <!-- nPRICED_IN_main.PO_Authorization_IN -->
    </test> <!-- Default test -->
  </suite> <!-- Default suite -->
</testng-results>
